{
  "RSpec": {
    "coverage": {
      "/Users/Emily/Projects/Makeathon/smart_twits/lib/tweets.rb": [
        1,
        null,
        1,
        null,
        1,
        null,
        1,
        1,
        null,
        null,
        1,
        1,
        6,
        1,
        null,
        null,
        1,
        1,
        null,
        null,
        1,
        1,
        1,
        6,
        1,
        null,
        null,
        1,
        1,
        1,
        1,
        null,
        null,
        1,
        1,
        null,
        null,
        null
      ],
      "/Users/Emily/Projects/Makeathon/smart_twits/lib/helper.rb": [
        1,
        null,
        1,
        null,
        null,
        1,
        7,
        7,
        48,
        7,
        7,
        null,
        null,
        1,
        1,
        1,
        null,
        null,
        1,
        92,
        null,
        null,
        1,
        91,
        null,
        null,
        1,
        3,
        59,
        3,
        null,
        null,
        1,
        50,
        null,
        null,
        1,
        1,
        1,
        1,
        1,
        null,
        null,
        1,
        3,
        3,
        19,
        3,
        null,
        null
      ]
    },
    "timestamp": 1423842295
  }
}
